mCE:  tensor(0.4696)
/work/dlclarge1/agnihotr-ensemble/ImageNet-100-P/snow
/work/dlclarge1/agnihotr-ensemble/ImageNet-100-P/shot_noise
/work/dlclarge1/agnihotr-ensemble/ImageNet-100-P/scale
/work/dlclarge1/agnihotr-ensemble/ImageNet-100-P/gaussian_noise
/work/dlclarge1/agnihotr-ensemble/ImageNet-100-P/tilt
/work/dlclarge1/agnihotr-ensemble/ImageNet-100-P/motion_blur
/work/dlclarge1/agnihotr-ensemble/ImageNet-100-P/brightness
/work/dlclarge1/agnihotr-ensemble/ImageNet-100-P/rotate
/work/dlclarge1/agnihotr-ensemble/ImageNet-100-P/zoom_blur
/work/dlclarge1/agnihotr-ensemble/ImageNet-100-P/translate
error:  tensor(0.1246, device='cuda:0')
mFR:  0.025567666666666673
mECE:  tensor(0.0766)
ece:  tensor(1.2004)
err:  tensor(0.0971)
mCE:  tensor(0.6243)
/work/dlclarge1/agnihotr-ensemble/ImageNet-100-P/snow
/work/dlclarge1/agnihotr-ensemble/ImageNet-100-P/shot_noise
/work/dlclarge1/agnihotr-ensemble/ImageNet-100-P/scale
/work/dlclarge1/agnihotr-ensemble/ImageNet-100-P/gaussian_noise
/work/dlclarge1/agnihotr-ensemble/ImageNet-100-P/tilt
/work/dlclarge1/agnihotr-ensemble/ImageNet-100-P/motion_blur
/work/dlclarge1/agnihotr-ensemble/ImageNet-100-P/brightness
/work/dlclarge1/agnihotr-ensemble/ImageNet-100-P/rotate
/work/dlclarge1/agnihotr-ensemble/ImageNet-100-P/zoom_blur
/work/dlclarge1/agnihotr-ensemble/ImageNet-100-P/translate
error:  tensor(0.2180, device='cuda:0')
mFR:  0.04784833333333336
mECE:  tensor(0.0774)
ece:  tensor(1.6030)
err:  tensor(0.1662)
mCE:  tensor(0.4703)
/work/dlclarge1/agnihotr-ensemble/ImageNet-100-P/snow
/work/dlclarge1/agnihotr-ensemble/ImageNet-100-P/shot_noise
/work/dlclarge1/agnihotr-ensemble/ImageNet-100-P/scale
/work/dlclarge1/agnihotr-ensemble/ImageNet-100-P/gaussian_noise
/work/dlclarge1/agnihotr-ensemble/ImageNet-100-P/tilt
/work/dlclarge1/agnihotr-ensemble/ImageNet-100-P/motion_blur
/work/dlclarge1/agnihotr-ensemble/ImageNet-100-P/brightness
/work/dlclarge1/agnihotr-ensemble/ImageNet-100-P/rotate
/work/dlclarge1/agnihotr-ensemble/ImageNet-100-P/zoom_blur
/work/dlclarge1/agnihotr-ensemble/ImageNet-100-P/translate
error:  tensor(0.1256, device='cuda:0')
mFR:  0.02587399999999999
mECE:  tensor(0.0755)
ece:  tensor(1.2523)
err:  tensor(0.0957)
mCE:  tensor(0.4827)
/work/dlclarge1/agnihotr-ensemble/ImageNet-100-P/snow
/work/dlclarge1/agnihotr-ensemble/ImageNet-100-P/shot_noise
/work/dlclarge1/agnihotr-ensemble/ImageNet-100-P/scale
/work/dlclarge1/agnihotr-ensemble/ImageNet-100-P/gaussian_noise
/work/dlclarge1/agnihotr-ensemble/ImageNet-100-P/tilt
/work/dlclarge1/agnihotr-ensemble/ImageNet-100-P/motion_blur
/work/dlclarge1/agnihotr-ensemble/ImageNet-100-P/brightness
/work/dlclarge1/agnihotr-ensemble/ImageNet-100-P/rotate
/work/dlclarge1/agnihotr-ensemble/ImageNet-100-P/zoom_blur
/work/dlclarge1/agnihotr-ensemble/ImageNet-100-P/translate
error:  tensor(0.1283, device='cuda:0')
mFR:  0.027515999999999968
mECE:  tensor(0.0740)
ece:  tensor(1.2474)
err:  tensor(0.0963)
mCE:  tensor(0.5104)
/work/dlclarge1/agnihotr-ensemble/ImageNet-100-P/snow
/work/dlclarge1/agnihotr-ensemble/ImageNet-100-P/shot_noise
/work/dlclarge1/agnihotr-ensemble/ImageNet-100-P/scale
/work/dlclarge1/agnihotr-ensemble/ImageNet-100-P/gaussian_noise
/work/dlclarge1/agnihotr-ensemble/ImageNet-100-P/tilt
/work/dlclarge1/agnihotr-ensemble/ImageNet-100-P/motion_blur
/work/dlclarge1/agnihotr-ensemble/ImageNet-100-P/brightness
/work/dlclarge1/agnihotr-ensemble/ImageNet-100-P/rotate
/work/dlclarge1/agnihotr-ensemble/ImageNet-100-P/zoom_blur
/work/dlclarge1/agnihotr-ensemble/ImageNet-100-P/translate
error:  tensor(0.1440, device='cuda:0')
mFR:  0.03144016666666664
mECE:  tensor(0.0737)
ece:  tensor(1.1942)
err:  tensor(0.1107)
calibrated_pruned jointly std pruned done
slurmstepd-dlcgpu27: error: *** JOB 11798225 ON dlcgpu27 CANCELLED AT 2022-01-03T19:55:19 ***
