mCE:  tensor(0.2499)
/work/dlclarge1/agnihotr-ensemble/ImageNet-100-P/snow
/work/dlclarge1/agnihotr-ensemble/ImageNet-100-P/shot_noise
/work/dlclarge1/agnihotr-ensemble/ImageNet-100-P/scale
/work/dlclarge1/agnihotr-ensemble/ImageNet-100-P/gaussian_noise
/work/dlclarge1/agnihotr-ensemble/ImageNet-100-P/tilt
/work/dlclarge1/agnihotr-ensemble/ImageNet-100-P/motion_blur
/work/dlclarge1/agnihotr-ensemble/ImageNet-100-P/brightness
/work/dlclarge1/agnihotr-ensemble/ImageNet-100-P/rotate
/work/dlclarge1/agnihotr-ensemble/ImageNet-100-P/zoom_blur
/work/dlclarge1/agnihotr-ensemble/ImageNet-100-P/translate
error:  tensor(0.1212, device='cuda:0')
mFR:  0.016076666666666704
mECE:  tensor(0.0455)
ece:  tensor(1.6525)
err:  tensor(0.1039)
mCE:  tensor(0.3119)
/work/dlclarge1/agnihotr-ensemble/ImageNet-100-P/snow
/work/dlclarge1/agnihotr-ensemble/ImageNet-100-P/shot_noise
/work/dlclarge1/agnihotr-ensemble/ImageNet-100-P/scale
/work/dlclarge1/agnihotr-ensemble/ImageNet-100-P/gaussian_noise
/work/dlclarge1/agnihotr-ensemble/ImageNet-100-P/tilt
/work/dlclarge1/agnihotr-ensemble/ImageNet-100-P/motion_blur
/work/dlclarge1/agnihotr-ensemble/ImageNet-100-P/brightness
/work/dlclarge1/agnihotr-ensemble/ImageNet-100-P/rotate
/work/dlclarge1/agnihotr-ensemble/ImageNet-100-P/zoom_blur
/work/dlclarge1/agnihotr-ensemble/ImageNet-100-P/translate
error:  tensor(0.1596, device='cuda:0')
mFR:  0.020006500000000028
mECE:  tensor(0.0564)
ece:  tensor(2.3885)
err:  tensor(0.1409)
mCE:  tensor(0.4605)
/work/dlclarge1/agnihotr-ensemble/ImageNet-100-P/snow
/work/dlclarge1/agnihotr-ensemble/ImageNet-100-P/shot_noise
/work/dlclarge1/agnihotr-ensemble/ImageNet-100-P/scale
/work/dlclarge1/agnihotr-ensemble/ImageNet-100-P/gaussian_noise
/work/dlclarge1/agnihotr-ensemble/ImageNet-100-P/tilt
/work/dlclarge1/agnihotr-ensemble/ImageNet-100-P/motion_blur
/work/dlclarge1/agnihotr-ensemble/ImageNet-100-P/brightness
/work/dlclarge1/agnihotr-ensemble/ImageNet-100-P/rotate
/work/dlclarge1/agnihotr-ensemble/ImageNet-100-P/zoom_blur
/work/dlclarge1/agnihotr-ensemble/ImageNet-100-P/translate
error:  tensor(0.2738, device='cuda:0')
mFR:  0.03233916666666664
mECE:  tensor(0.1012)
ece:  tensor(4.2813)
err:  tensor(0.2496)
mCE:  tensor(0.2668)
/work/dlclarge1/agnihotr-ensemble/ImageNet-100-P/snow
/work/dlclarge1/agnihotr-ensemble/ImageNet-100-P/shot_noise
/work/dlclarge1/agnihotr-ensemble/ImageNet-100-P/scale
/work/dlclarge1/agnihotr-ensemble/ImageNet-100-P/gaussian_noise
/work/dlclarge1/agnihotr-ensemble/ImageNet-100-P/tilt
/work/dlclarge1/agnihotr-ensemble/ImageNet-100-P/motion_blur
/work/dlclarge1/agnihotr-ensemble/ImageNet-100-P/brightness
/work/dlclarge1/agnihotr-ensemble/ImageNet-100-P/rotate
/work/dlclarge1/agnihotr-ensemble/ImageNet-100-P/zoom_blur
/work/dlclarge1/agnihotr-ensemble/ImageNet-100-P/translate
error:  tensor(0.1324, device='cuda:0')
mFR:  0.017070666666666696
mECE:  tensor(0.0494)
ece:  tensor(1.8770)
err:  tensor(0.1145)
mCE:  tensor(0.2448)
/work/dlclarge1/agnihotr-ensemble/ImageNet-100-P/snow
/work/dlclarge1/agnihotr-ensemble/ImageNet-100-P/shot_noise
/work/dlclarge1/agnihotr-ensemble/ImageNet-100-P/scale
/work/dlclarge1/agnihotr-ensemble/ImageNet-100-P/gaussian_noise
/work/dlclarge1/agnihotr-ensemble/ImageNet-100-P/tilt
/work/dlclarge1/agnihotr-ensemble/ImageNet-100-P/motion_blur
/work/dlclarge1/agnihotr-ensemble/ImageNet-100-P/brightness
/work/dlclarge1/agnihotr-ensemble/ImageNet-100-P/rotate
/work/dlclarge1/agnihotr-ensemble/ImageNet-100-P/zoom_blur
/work/dlclarge1/agnihotr-ensemble/ImageNet-100-P/translate
error:  tensor(0.1191, device='cuda:0')
mFR:  0.015662166666666703
mECE:  tensor(0.0443)
ece:  tensor(1.5103)
err:  tensor(0.1037)
seperated amda pruned done
