mCE:  tensor(0.4802)
/work/dlclarge1/agnihotr-ensemble/ImageNet-100-P/snow
/work/dlclarge1/agnihotr-ensemble/ImageNet-100-P/shot_noise
/work/dlclarge1/agnihotr-ensemble/ImageNet-100-P/scale
/work/dlclarge1/agnihotr-ensemble/ImageNet-100-P/gaussian_noise
/work/dlclarge1/agnihotr-ensemble/ImageNet-100-P/tilt
/work/dlclarge1/agnihotr-ensemble/ImageNet-100-P/motion_blur
/work/dlclarge1/agnihotr-ensemble/ImageNet-100-P/brightness
/work/dlclarge1/agnihotr-ensemble/ImageNet-100-P/rotate
/work/dlclarge1/agnihotr-ensemble/ImageNet-100-P/zoom_blur
/work/dlclarge1/agnihotr-ensemble/ImageNet-100-P/translate
error:  tensor(0.1266, device='cuda:0')
mFR:  0.027221166666666664
mECE:  tensor(0.0724)
ece:  tensor(1.1705)
err:  tensor(0.0973)
mCE:  tensor(0.4673)
/work/dlclarge1/agnihotr-ensemble/ImageNet-100-P/snow
/work/dlclarge1/agnihotr-ensemble/ImageNet-100-P/shot_noise
/work/dlclarge1/agnihotr-ensemble/ImageNet-100-P/scale
/work/dlclarge1/agnihotr-ensemble/ImageNet-100-P/gaussian_noise
/work/dlclarge1/agnihotr-ensemble/ImageNet-100-P/tilt
/work/dlclarge1/agnihotr-ensemble/ImageNet-100-P/motion_blur
/work/dlclarge1/agnihotr-ensemble/ImageNet-100-P/brightness
/work/dlclarge1/agnihotr-ensemble/ImageNet-100-P/rotate
/work/dlclarge1/agnihotr-ensemble/ImageNet-100-P/zoom_blur
/work/dlclarge1/agnihotr-ensemble/ImageNet-100-P/translate
error:  tensor(0.1235, device='cuda:0')
mFR:  0.025458999999999992
mECE:  tensor(0.0750)
ece:  tensor(1.0899)
err:  tensor(0.0953)
mCE:  tensor(0.5125)
/work/dlclarge1/agnihotr-ensemble/ImageNet-100-P/snow
/work/dlclarge1/agnihotr-ensemble/ImageNet-100-P/shot_noise
/work/dlclarge1/agnihotr-ensemble/ImageNet-100-P/scale
/work/dlclarge1/agnihotr-ensemble/ImageNet-100-P/gaussian_noise
/work/dlclarge1/agnihotr-ensemble/ImageNet-100-P/tilt
/work/dlclarge1/agnihotr-ensemble/ImageNet-100-P/motion_blur
/work/dlclarge1/agnihotr-ensemble/ImageNet-100-P/brightness
/work/dlclarge1/agnihotr-ensemble/ImageNet-100-P/rotate
/work/dlclarge1/agnihotr-ensemble/ImageNet-100-P/zoom_blur
/work/dlclarge1/agnihotr-ensemble/ImageNet-100-P/translate
error:  tensor(0.1409, device='cuda:0')
mFR:  0.03106533333333329
mECE:  tensor(0.0707)
ece:  tensor(1.1356)
err:  tensor(0.1083)
mCE:  tensor(0.6212)
/work/dlclarge1/agnihotr-ensemble/ImageNet-100-P/snow
/work/dlclarge1/agnihotr-ensemble/ImageNet-100-P/shot_noise
/work/dlclarge1/agnihotr-ensemble/ImageNet-100-P/scale
/work/dlclarge1/agnihotr-ensemble/ImageNet-100-P/gaussian_noise
/work/dlclarge1/agnihotr-ensemble/ImageNet-100-P/tilt
/work/dlclarge1/agnihotr-ensemble/ImageNet-100-P/motion_blur
/work/dlclarge1/agnihotr-ensemble/ImageNet-100-P/brightness
/work/dlclarge1/agnihotr-ensemble/ImageNet-100-P/rotate
/work/dlclarge1/agnihotr-ensemble/ImageNet-100-P/zoom_blur
/work/dlclarge1/agnihotr-ensemble/ImageNet-100-P/translate
error:  tensor(0.2184, device='cuda:0')
mFR:  0.04759916666666668
mECE:  tensor(0.0788)
ece:  tensor(1.7280)
err:  tensor(0.1638)
mCE:  tensor(0.4691)
/work/dlclarge1/agnihotr-ensemble/ImageNet-100-P/snow
/work/dlclarge1/agnihotr-ensemble/ImageNet-100-P/shot_noise
/work/dlclarge1/agnihotr-ensemble/ImageNet-100-P/scale
/work/dlclarge1/agnihotr-ensemble/ImageNet-100-P/gaussian_noise
/work/dlclarge1/agnihotr-ensemble/ImageNet-100-P/tilt
/work/dlclarge1/agnihotr-ensemble/ImageNet-100-P/motion_blur
/work/dlclarge1/agnihotr-ensemble/ImageNet-100-P/brightness
/work/dlclarge1/agnihotr-ensemble/ImageNet-100-P/rotate
/work/dlclarge1/agnihotr-ensemble/ImageNet-100-P/zoom_blur
/work/dlclarge1/agnihotr-ensemble/ImageNet-100-P/translate
error:  tensor(0.1244, device='cuda:0')
mFR:  0.025431500000000006
mECE:  tensor(0.0757)
ece:  tensor(1.2952)
err:  tensor(0.0979)
seperated standard pruned done
not_calibrated_seperate_amda done
not_calibrated_seperate_std done
