mCE:  tensor(0.4566)
/work/dlclarge1/agnihotr-ensemble/ImageNet-100-P/snow
/work/dlclarge1/agnihotr-ensemble/ImageNet-100-P/shot_noise
/work/dlclarge1/agnihotr-ensemble/ImageNet-100-P/scale
/work/dlclarge1/agnihotr-ensemble/ImageNet-100-P/gaussian_noise
/work/dlclarge1/agnihotr-ensemble/ImageNet-100-P/tilt
/work/dlclarge1/agnihotr-ensemble/ImageNet-100-P/motion_blur
/work/dlclarge1/agnihotr-ensemble/ImageNet-100-P/brightness
/work/dlclarge1/agnihotr-ensemble/ImageNet-100-P/rotate
/work/dlclarge1/agnihotr-ensemble/ImageNet-100-P/zoom_blur
/work/dlclarge1/agnihotr-ensemble/ImageNet-100-P/translate
error:  tensor(0.2712, device='cuda:0')
mFR:  0.03239066666666664
mECE:  tensor(0.1006)
ece:  tensor(4.3572)
err:  tensor(0.2452)
mCE:  tensor(0.3137)
/work/dlclarge1/agnihotr-ensemble/ImageNet-100-P/snow
/work/dlclarge1/agnihotr-ensemble/ImageNet-100-P/shot_noise
/work/dlclarge1/agnihotr-ensemble/ImageNet-100-P/scale
/work/dlclarge1/agnihotr-ensemble/ImageNet-100-P/gaussian_noise
/work/dlclarge1/agnihotr-ensemble/ImageNet-100-P/tilt
/work/dlclarge1/agnihotr-ensemble/ImageNet-100-P/motion_blur
/work/dlclarge1/agnihotr-ensemble/ImageNet-100-P/brightness
/work/dlclarge1/agnihotr-ensemble/ImageNet-100-P/rotate
/work/dlclarge1/agnihotr-ensemble/ImageNet-100-P/zoom_blur
/work/dlclarge1/agnihotr-ensemble/ImageNet-100-P/translate
error:  tensor(0.1605, device='cuda:0')
mFR:  0.020762166666666686
mECE:  tensor(0.0572)
ece:  tensor(2.4055)
err:  tensor(0.1417)
mCE:  tensor(0.2514)
/work/dlclarge1/agnihotr-ensemble/ImageNet-100-P/snow
/work/dlclarge1/agnihotr-ensemble/ImageNet-100-P/shot_noise
/work/dlclarge1/agnihotr-ensemble/ImageNet-100-P/scale
/work/dlclarge1/agnihotr-ensemble/ImageNet-100-P/gaussian_noise
/work/dlclarge1/agnihotr-ensemble/ImageNet-100-P/tilt
/work/dlclarge1/agnihotr-ensemble/ImageNet-100-P/motion_blur
/work/dlclarge1/agnihotr-ensemble/ImageNet-100-P/brightness
/work/dlclarge1/agnihotr-ensemble/ImageNet-100-P/rotate
/work/dlclarge1/agnihotr-ensemble/ImageNet-100-P/zoom_blur
/work/dlclarge1/agnihotr-ensemble/ImageNet-100-P/translate
error:  tensor(0.1217, device='cuda:0')
mFR:  0.015896833333333367
mECE:  tensor(0.0464)
ece:  tensor(1.6463)
err:  tensor(0.1071)
mCE:  tensor(0.2470)
/work/dlclarge1/agnihotr-ensemble/ImageNet-100-P/snow
/work/dlclarge1/agnihotr-ensemble/ImageNet-100-P/shot_noise
/work/dlclarge1/agnihotr-ensemble/ImageNet-100-P/scale
/work/dlclarge1/agnihotr-ensemble/ImageNet-100-P/gaussian_noise
/work/dlclarge1/agnihotr-ensemble/ImageNet-100-P/tilt
/work/dlclarge1/agnihotr-ensemble/ImageNet-100-P/motion_blur
/work/dlclarge1/agnihotr-ensemble/ImageNet-100-P/brightness
/work/dlclarge1/agnihotr-ensemble/ImageNet-100-P/rotate
/work/dlclarge1/agnihotr-ensemble/ImageNet-100-P/zoom_blur
/work/dlclarge1/agnihotr-ensemble/ImageNet-100-P/translate
error:  tensor(0.1198, device='cuda:0')
mFR:  0.015647666666666706
mECE:  tensor(0.0459)
ece:  tensor(1.5361)
err:  tensor(0.1057)
mCE:  tensor(0.2680)
/work/dlclarge1/agnihotr-ensemble/ImageNet-100-P/snow
/work/dlclarge1/agnihotr-ensemble/ImageNet-100-P/shot_noise
/work/dlclarge1/agnihotr-ensemble/ImageNet-100-P/scale
/work/dlclarge1/agnihotr-ensemble/ImageNet-100-P/gaussian_noise
/work/dlclarge1/agnihotr-ensemble/ImageNet-100-P/tilt
/work/dlclarge1/agnihotr-ensemble/ImageNet-100-P/motion_blur
/work/dlclarge1/agnihotr-ensemble/ImageNet-100-P/brightness
/work/dlclarge1/agnihotr-ensemble/ImageNet-100-P/rotate
/work/dlclarge1/agnihotr-ensemble/ImageNet-100-P/zoom_blur
/work/dlclarge1/agnihotr-ensemble/ImageNet-100-P/translate
error:  tensor(0.1345, device='cuda:0')
mFR:  0.01744066666666668
mECE:  tensor(0.0478)
ece:  tensor(1.7896)
err:  tensor(0.1198)
not_calibrated_pruned jointly amda pruned done
not_calibrated_pruned jointly std done
not_calibrated_pruned jointly amda done
