False
no parent for this ensemble.
False
no parent for this ensemble.
False
no parent for this ensemble.
False
no parent for this ensemble.
False
no parent for this ensemble.
mCE:  tensor(0.5089)
/work/dlclarge1/agnihotr-ensemble/ImageNet-100-P/snow
/work/dlclarge1/agnihotr-ensemble/ImageNet-100-P/shot_noise
/work/dlclarge1/agnihotr-ensemble/ImageNet-100-P/scale
/work/dlclarge1/agnihotr-ensemble/ImageNet-100-P/gaussian_noise
/work/dlclarge1/agnihotr-ensemble/ImageNet-100-P/tilt
/work/dlclarge1/agnihotr-ensemble/ImageNet-100-P/motion_blur
/work/dlclarge1/agnihotr-ensemble/ImageNet-100-P/brightness
/work/dlclarge1/agnihotr-ensemble/ImageNet-100-P/rotate
/work/dlclarge1/agnihotr-ensemble/ImageNet-100-P/zoom_blur
/work/dlclarge1/agnihotr-ensemble/ImageNet-100-P/translate
error:  tensor(0.1463, device='cuda:0')
mFR:  0.037436
mECE:  tensor(0.0756)
ece:  tensor(1.2339)
err:  tensor(0.1184)
mCE:  tensor(0.4756)
/work/dlclarge1/agnihotr-ensemble/ImageNet-100-P/snow
/work/dlclarge1/agnihotr-ensemble/ImageNet-100-P/shot_noise
/work/dlclarge1/agnihotr-ensemble/ImageNet-100-P/scale
/work/dlclarge1/agnihotr-ensemble/ImageNet-100-P/gaussian_noise
/work/dlclarge1/agnihotr-ensemble/ImageNet-100-P/tilt
/work/dlclarge1/agnihotr-ensemble/ImageNet-100-P/motion_blur
/work/dlclarge1/agnihotr-ensemble/ImageNet-100-P/brightness
/work/dlclarge1/agnihotr-ensemble/ImageNet-100-P/rotate
/work/dlclarge1/agnihotr-ensemble/ImageNet-100-P/zoom_blur
/work/dlclarge1/agnihotr-ensemble/ImageNet-100-P/translate
error:  tensor(0.1292, device='cuda:0')
mFR:  0.03172100000000001
mECE:  tensor(0.0693)
ece:  tensor(1.2772)
err:  tensor(0.0997)
mCE:  tensor(0.4678)
/work/dlclarge1/agnihotr-ensemble/ImageNet-100-P/snow
/work/dlclarge1/agnihotr-ensemble/ImageNet-100-P/shot_noise
/work/dlclarge1/agnihotr-ensemble/ImageNet-100-P/scale
/work/dlclarge1/agnihotr-ensemble/ImageNet-100-P/gaussian_noise
/work/dlclarge1/agnihotr-ensemble/ImageNet-100-P/tilt
/work/dlclarge1/agnihotr-ensemble/ImageNet-100-P/motion_blur
/work/dlclarge1/agnihotr-ensemble/ImageNet-100-P/brightness
/work/dlclarge1/agnihotr-ensemble/ImageNet-100-P/rotate
/work/dlclarge1/agnihotr-ensemble/ImageNet-100-P/zoom_blur
/work/dlclarge1/agnihotr-ensemble/ImageNet-100-P/translate
error:  tensor(0.1265, device='cuda:0')
mFR:  0.029835833333333322
mECE:  tensor(0.0677)
ece:  tensor(1.2008)
err:  tensor(0.0995)
mCE:  tensor(0.6063)
/work/dlclarge1/agnihotr-ensemble/ImageNet-100-P/snow
/work/dlclarge1/agnihotr-ensemble/ImageNet-100-P/shot_noise
/work/dlclarge1/agnihotr-ensemble/ImageNet-100-P/scale
/work/dlclarge1/agnihotr-ensemble/ImageNet-100-P/gaussian_noise
/work/dlclarge1/agnihotr-ensemble/ImageNet-100-P/tilt
/work/dlclarge1/agnihotr-ensemble/ImageNet-100-P/motion_blur
/work/dlclarge1/agnihotr-ensemble/ImageNet-100-P/brightness
/work/dlclarge1/agnihotr-ensemble/ImageNet-100-P/rotate
/work/dlclarge1/agnihotr-ensemble/ImageNet-100-P/zoom_blur
/work/dlclarge1/agnihotr-ensemble/ImageNet-100-P/translate
error:  tensor(0.2162, device='cuda:0')
mFR:  0.0563261666666667
mECE:  tensor(0.0857)
ece:  tensor(1.5504)
err:  tensor(0.1704)
mCE:  tensor(0.4625)
/work/dlclarge1/agnihotr-ensemble/ImageNet-100-P/snow
/work/dlclarge1/agnihotr-ensemble/ImageNet-100-P/shot_noise
/work/dlclarge1/agnihotr-ensemble/ImageNet-100-P/scale
/work/dlclarge1/agnihotr-ensemble/ImageNet-100-P/gaussian_noise
/work/dlclarge1/agnihotr-ensemble/ImageNet-100-P/tilt
/work/dlclarge1/agnihotr-ensemble/ImageNet-100-P/motion_blur
/work/dlclarge1/agnihotr-ensemble/ImageNet-100-P/brightness
/work/dlclarge1/agnihotr-ensemble/ImageNet-100-P/rotate
/work/dlclarge1/agnihotr-ensemble/ImageNet-100-P/zoom_blur
/work/dlclarge1/agnihotr-ensemble/ImageNet-100-P/translate
error:  tensor(0.1240, device='cuda:0')
mFR:  0.02925116666666665
mECE:  tensor(0.0642)
ece:  tensor(1.2514)
err:  tensor(0.0924)
together std done
together amda done
